time="2022-01-02T19:21:45Z" level=info msg="Configuration loaded from flags."
time="2022-01-02T19:21:45Z" level=info msg="Traefik version 2.5.6 built on 2021-12-22T16:30:52Z"
time="2022-01-02T19:21:45Z" level=debug msg="Static configuration loaded {\"global\":{\"checkNewVersion\":true,\"sendAnonymousUsage\":true},\"serversTransport\":{\"maxIdleConnsPerHost\":200},\"entryPoints\":{\"metrics\":{\"address\":\":9100/tcp\",\"transport\":{\"lifeCycle\":{\"graceTimeOut\":\"10s\"},\"respondingTimeouts\":{\"idleTimeout\":\"3m0s\"}},\"forwardedHeaders\":{},\"http\":{},\"udp\":{\"timeout\":\"3s\"}},\"traefik\":{\"address\":\":9000/tcp\",\"transport\":{\"lifeCycle\":{\"graceTimeOut\":\"10s\"},\"respondingTimeouts\":{\"idleTimeout\":\"3m0s\"}},\"forwardedHeaders\":{},\"http\":{},\"udp\":{\"timeout\":\"3s\"}},\"web\":{\"address\":\":8000/tcp\",\"transport\":{\"lifeCycle\":{\"graceTimeOut\":\"10s\"},\"respondingTimeouts\":{\"idleTimeout\":\"3m0s\"}},\"forwardedHeaders\":{},\"http\":{},\"udp\":{\"timeout\":\"3s\"}},\"websecure\":{\"address\":\":8443/tcp\",\"transport\":{\"lifeCycle\":{\"graceTimeOut\":\"10s\"},\"respondingTimeouts\":{\"idleTimeout\":\"3m0s\"}},\"forwardedHeaders\":{},\"http\":{\"tls\":{\"certResolver\":\"letsencrypt\",\"domains\":[{\"main\":\"thaumagen.io\",\"sans\":[\"*.thaumagen.io\"]}]}},\"udp\":{\"timeout\":\"3s\"}}},\"providers\":{\"providersThrottleDuration\":\"2s\",\"file\":{\"directory\":\"/etc/traefik/dynamic/default-routes\",\"watch\":true},\"kubernetesIngress\":{},\"kubernetesCRD\":{\"allowExternalNameServices\":true},\"redis\":{\"rootKey\":\"traefik\",\"endpoints\":[\"10.127.77.139:6379\"]}},\"api\":{\"insecure\":true,\"dashboard\":true},\"metrics\":{\"prometheus\":{\"buckets\":[0.1,0.3,1.2,5],\"addEntryPointsLabels\":true,\"addServicesLabels\":true,\"entryPoint\":\"metrics\"}},\"ping\":{\"entryPoint\":\"traefik\",\"terminatingStatusCode\":503},\"log\":{\"level\":\"DEBUG\",\"format\":\"common\"},\"accessLog\":{\"format\":\"common\",\"filters\":{},\"fields\":{\"defaultMode\":\"keep\",\"headers\":{\"defaultMode\":\"keep\"}}},\"certificatesResolvers\":{\"letsencrypt\":{\"acme\":{\"email\":\"robin.bryce@thaumagen.com\",\"caServer\":\"https://acme-staging-v02.api.letsencrypt.org/directory\",\"storage\":\"/data/letsencrypt/acme-staging.json\",\"keyType\":\"RSA4096\",\"dnsChallenge\":{\"provider\":\"gcloud\"}}}},\"pilot\":{\"dashboard\":true}}"
time="2022-01-02T19:21:45Z" level=info msg="Stats collection is enabled."
time="2022-01-02T19:21:45Z" level=info msg="Many thanks for contributing to Traefik's improvement by allowing us to receive anonymous information from your configuration."
time="2022-01-02T19:21:45Z" level=info msg="Help us improve Traefik by leaving this feature on :)"
time="2022-01-02T19:21:45Z" level=info msg="More details on: https://doc.traefik.io/traefik/contributing/data-collection/"
time="2022-01-02T19:21:50Z" level=debug msg="Configured Prometheus metrics" metricsProviderName=prometheus
time="2022-01-02T19:21:50Z" level=info msg="Starting provider aggregator.ProviderAggregator {}"
time="2022-01-02T19:21:50Z" level=debug msg="Start TCP Server" entryPointName=metrics
time="2022-01-02T19:21:50Z" level=debug msg="Start TCP Server" entryPointName=websecure
time="2022-01-02T19:21:50Z" level=debug msg="Start TCP Server" entryPointName=web
time="2022-01-02T19:21:50Z" level=info msg="Starting provider *file.Provider {\"directory\":\"/etc/traefik/dynamic/default-routes\",\"watch\":true}"
time="2022-01-02T19:21:50Z" level=debug msg="Start TCP Server" entryPointName=traefik
time="2022-01-02T19:21:50Z" level=warning msg="HTTP router already configured, skipping" providerName=file filename=traefik-default-routes.yaml routerName=iona-authn
time="2022-01-02T19:21:50Z" level=warning msg="HTTP router already configured, skipping" filename=traefik-default-routes.yaml routerName=iona-grafana providerName=file
time="2022-01-02T19:21:50Z" level=warning msg="HTTP router already configured, skipping" routerName=iona-public providerName=file filename=traefik-default-routes.yaml
time="2022-01-02T19:21:50Z" level=warning msg="HTTP router already configured, skipping" filename=traefik-default-routes.yaml routerName=iona-static providerName=file
time="2022-01-02T19:21:50Z" level=warning msg="HTTP router already configured, skipping" filename=traefik-default-routes.yaml routerName=iona-thaumagen providerName=file
time="2022-01-02T19:21:50Z" level=warning msg="HTTP middleware already configured, skipping" filename=traefik-default-routes.yaml middlewareName=add-iona-prefix providerName=file
time="2022-01-02T19:21:50Z" level=warning msg="HTTP service already configured, skipping" providerName=file filename=traefik-default-routes.yaml serviceName=thaumagen-github-io
time="2022-01-02T19:21:50Z" level=warning msg="HTTP service already configured, skipping" providerName=file filename=traefik-default-routes.yaml serviceName=grafana
time="2022-01-02T19:21:50Z" level=warning msg="HTTP service already configured, skipping" filename=traefik-default-routes.yaml serviceName=nginx providerName=file
time="2022-01-02T19:21:50Z" level=info msg="Starting provider *traefik.Provider {}"
time="2022-01-02T19:21:50Z" level=info msg="Starting provider *crd.Provider {\"allowExternalNameServices\":true}"
time="2022-01-02T19:21:50Z" level=info msg="label selector is: \"\"" providerName=kubernetescrd
time="2022-01-02T19:21:50Z" level=info msg="Creating in-cluster Provider client" providerName=kubernetescrd
time="2022-01-02T19:21:50Z" level=info msg="Starting provider *acme.Provider {\"email\":\"robin.bryce@thaumagen.com\",\"caServer\":\"https://acme-staging-v02.api.letsencrypt.org/directory\",\"storage\":\"/data/letsencrypt/acme-staging.json\",\"keyType\":\"RSA4096\",\"dnsChallenge\":{\"provider\":\"gcloud\"},\"ResolverName\":\"letsencrypt\",\"store\":{},\"TLSChallengeProvider\":{\"Timeout\":4000000000},\"HTTPChallengeProvider\":{}}"
time="2022-01-02T19:21:50Z" level=info msg="Testing certificate renew..." providerName=letsencrypt.acme
time="2022-01-02T19:21:50Z" level=info msg="Starting provider *redis.Provider {\"rootKey\":\"traefik\",\"endpoints\":[\"10.127.77.139:6379\"]}"
time="2022-01-02T19:21:50Z" level=debug msg="Exists: traefik/qmslkjdfmqlskdjfmqlksjazçueznbvbwzlkajzebvkwjdcqmlsfj"
time="2022-01-02T19:21:50Z" level=info msg="Starting provider *acme.ChallengeTLSALPN {\"Timeout\":4000000000}"
time="2022-01-02T19:21:50Z" level=info msg="Starting provider *ingress.Provider {}"
time="2022-01-02T19:21:50Z" level=info msg="ingress label selector is: \"\"" providerName=kubernetes
time="2022-01-02T19:21:50Z" level=info msg="Creating in-cluster Provider client" providerName=kubernetes
time="2022-01-02T19:21:50Z" level=warning msg="ExternalName service loading is enabled, please ensure that this is expected (see AllowExternalNameServices option)" providerName=kubernetescrd
time="2022-01-02T19:21:50Z" level=debug msg="Configuration received from provider file: {\"http\":{\"routers\":{\"iona-authn\":{\"entryPoints\":[\"websecure\"],\"middlewares\":[\"add-iona-prefix\"],\"service\":\"thaumagen-github-io\",\"rule\":\"Host(`iona.thaumagen.io`) \\u0026\\u0026 PathPrefix(`/authn`)\",\"tls\":{\"certResolver\":\"letsencrypt\",\"domains\":[{\"main\":\"thaumagen.io\",\"sans\":[\"*.thaumagen.io\"]}]}},\"iona-grafana\":{\"entryPoints\":[\"websecure\"],\"service\":\"grafana\",\"rule\":\"Host(`grafana.iona.thaumagen.io`)\",\"tls\":{\"certResolver\":\"letsencrypt\",\"domains\":[{\"main\":\"thaumagen.io\",\"sans\":[\"*.thaumagen.io\"]}]}},\"iona-public\":{\"entryPoints\":[\"websecure\"],\"middlewares\":[\"add-iona-prefix\"],\"service\":\"thaumagen-github-io\",\"rule\":\"Host(`iona.thaumagen.io`) \\u0026\\u0026 PathPrefix(`/public`)\",\"tls\":{\"certResolver\":\"letsencrypt\",\"domains\":[{\"main\":\"thaumagen.io\",\"sans\":[\"*.thaumagen.io\"]}]}},\"iona-static\":{\"entryPoints\":[\"web\",\"websecure\"],\"service\":\"nginx\",\"rule\":\"Host(`iona.thaumagen.io`) \\u0026\\u0026 PathPrefix(`/static`)\",\"tls\":{\"certResolver\":\"letsencrypt\",\"domains\":[{\"main\":\"thaumagen.io\",\"sans\":[\"*.thaumagen.io\"]}]}},\"iona-thaumagen\":{\"entryPoints\":[\"websecure\"],\"middlewares\":[\"add-iona-prefix\"],\"service\":\"thaumagen-github-io\",\"rule\":\"Host(`iona.thaumagen.io`) \\u0026\\u0026 PathPrefix(`/thaumagen`)\",\"tls\":{\"certResolver\":\"letsencrypt\",\"domains\":[{\"main\":\"thaumagen.io\",\"sans\":[\"*.thaumagen.io\"]}]}}},\"services\":{\"grafana\":{\"loadBalancer\":{\"servers\":[{\"url\":\"http://grafana.monitoring:80/\"}],\"passHostHeader\":true}},\"nginx\":{\"loadBalancer\":{\"servers\":[{\"url\":\"http://nginx.iona:80/\"}],\"passHostHeader\":true}},\"thaumagen-github-io\":{\"loadBalancer\":{\"servers\":[{\"url\":\"https://thaumagen.github.io/\"}],\"passHostHeader\":false}}},\"middlewares\":{\"add-iona-prefix\":{\"addPrefix\":{\"prefix\":\"/iona\"}}}},\"tcp\":{},\"udp\":{},\"tls\":{}}" providerName=file
time="2022-01-02T19:21:50Z" level=debug msg="Configuration received from provider internal: {\"http\":{\"routers\":{\"api\":{\"entryPoints\":[\"traefik\"],\"service\":\"api@internal\",\"rule\":\"PathPrefix(`/api`)\",\"priority\":2147483646},\"dashboard\":{\"entryPoints\":[\"traefik\"],\"middlewares\":[\"dashboard_redirect@internal\",\"dashboard_stripprefix@internal\"],\"service\":\"dashboard@internal\",\"rule\":\"PathPrefix(`/`)\",\"priority\":2147483645},\"ping\":{\"entryPoints\":[\"traefik\"],\"service\":\"ping@internal\",\"rule\":\"PathPrefix(`/ping`)\",\"priority\":2147483647},\"prometheus\":{\"entryPoints\":[\"metrics\"],\"service\":\"prometheus@internal\",\"rule\":\"PathPrefix(`/metrics`)\",\"priority\":2147483647}},\"services\":{\"api\":{},\"dashboard\":{},\"noop\":{},\"ping\":{},\"prometheus\":{}},\"middlewares\":{\"dashboard_redirect\":{\"redirectRegex\":{\"regex\":\"^(http:\\\\/\\\\/(\\\\[[\\\\w:.]+\\\\]|[\\\\w\\\\._-]+)(:\\\\d+)?)\\\\/$\",\"replacement\":\"${1}/dashboard/\",\"permanent\":true}},\"dashboard_stripprefix\":{\"stripPrefix\":{\"prefixes\":[\"/dashboard/\",\"/dashboard\"]}}},\"models\":{\"websecure\":{\"tls\":{\"certResolver\":\"letsencrypt\",\"domains\":[{\"main\":\"thaumagen.io\",\"sans\":[\"*.thaumagen.io\"]}]}}},\"serversTransports\":{\"default\":{\"maxIdleConnsPerHost\":200}}},\"tcp\":{},\"tls\":{}}" providerName=internal
time="2022-01-02T19:21:50Z" level=debug msg="Configuration received from provider letsencrypt.acme: {\"http\":{},\"tls\":{}}" providerName=letsencrypt.acme
time="2022-01-02T19:21:50Z" level=debug msg="No default certificate, generating one" tlsStoreName=default
time="2022-01-02T19:21:50Z" level=debug msg="Skipping Kubernetes event kind *v1.Secret" providerName=kubernetescrd
time="2022-01-02T19:21:50Z" level=debug msg="Configuration received from provider kubernetescrd: {\"http\":{\"routers\":{\"iona-traefik-dashboard-d012b7f875133eeab4e5\":{\"entryPoints\":[\"traefik\"],\"service\":\"api@internal\",\"rule\":\"PathPrefix(`/dashboard`) || PathPrefix(`/api`)\"}}},\"tcp\":{},\"udp\":{},\"tls\":{}}" providerName=kubernetescrd
time="2022-01-02T19:21:50Z" level=debug msg="Configuration received from provider kubernetes: {\"http\":{},\"tcp\":{}}" providerName=kubernetes
time="2022-01-02T19:21:50Z" level=debug msg="Added outgoing tracing middleware ping@internal" middlewareType=TracingForwarder middlewareName=tracing entryPointName=traefik routerName=ping@internal
time="2022-01-02T19:21:50Z" level=debug msg="Added outgoing tracing middleware dashboard@internal" routerName=dashboard@internal middlewareType=TracingForwarder middlewareName=tracing entryPointName=traefik
time="2022-01-02T19:21:50Z" level=debug msg="Creating middleware" middlewareType=StripPrefix entryPointName=traefik routerName=dashboard@internal middlewareName=dashboard_stripprefix@internal
time="2022-01-02T19:21:50Z" level=debug msg="Adding tracing to middleware" entryPointName=traefik routerName=dashboard@internal middlewareName=dashboard_stripprefix@internal
time="2022-01-02T19:21:50Z" level=debug msg="Creating middleware" routerName=dashboard@internal middlewareType=RedirectRegex middlewareName=dashboard_redirect@internal entryPointName=traefik
time="2022-01-02T19:21:50Z" level=debug msg="Setting up redirection from ^(http:\\/\\/(\\[[\\w:.]+\\]|[\\w\\._-]+)(:\\d+)?)\\/$ to ${1}/dashboard/" routerName=dashboard@internal middlewareType=RedirectRegex middlewareName=dashboard_redirect@internal entryPointName=traefik
time="2022-01-02T19:21:50Z" level=debug msg="Adding tracing to middleware" entryPointName=traefik routerName=dashboard@internal middlewareName=dashboard_redirect@internal
time="2022-01-02T19:21:50Z" level=debug msg="Added outgoing tracing middleware api@internal" middlewareType=TracingForwarder entryPointName=traefik routerName=api@internal middlewareName=tracing
time="2022-01-02T19:21:50Z" level=debug msg="Creating middleware" middlewareName=traefik-internal-recovery middlewareType=Recovery entryPointName=traefik
time="2022-01-02T19:21:50Z" level=debug msg="Added outgoing tracing middleware prometheus@internal" entryPointName=metrics routerName=prometheus@internal middlewareName=tracing middlewareType=TracingForwarder
time="2022-01-02T19:21:50Z" level=debug msg="Creating middleware" middlewareType=Recovery middlewareName=traefik-internal-recovery entryPointName=metrics
time="2022-01-02T19:21:50Z" level=debug msg="Creating middleware" entryPointName=metrics middlewareType=Metrics middlewareName=metrics-entrypoint
time="2022-01-02T19:21:50Z" level=debug msg="Creating middleware" entryPointName=traefik middlewareType=Metrics middlewareName=metrics-entrypoint
time="2022-01-02T19:21:50Z" level=debug msg="Creating middleware" middlewareName=metrics-entrypoint middlewareType=Metrics entryPointName=web
time="2022-01-02T19:21:50Z" level=debug msg="Creating middleware" entryPointName=websecure middlewareName=metrics-entrypoint middlewareType=Metrics
time="2022-01-02T19:21:50Z" level=debug msg="Creating middleware" middlewareType=Pipelining entryPointName=websecure routerName=iona-public@file serviceName=thaumagen-github-io middlewareName=pipelining
time="2022-01-02T19:21:50Z" level=debug msg="Creating middleware" entryPointName=websecure middlewareName=metrics-service middlewareType=Metrics routerName=iona-public@file serviceName=thaumagen-github-io
time="2022-01-02T19:21:50Z" level=debug msg="Creating load-balancer" serviceName=thaumagen-github-io entryPointName=websecure routerName=iona-public@file
time="2022-01-02T19:21:50Z" level=debug msg="Creating server 0 https://thaumagen.github.io/" serviceName=thaumagen-github-io serverName=0 entryPointName=websecure routerName=iona-public@file
time="2022-01-02T19:21:50Z" level=debug msg="child https://thaumagen.github.io/ now UP"
time="2022-01-02T19:21:50Z" level=debug msg="Propagating new UP status"
time="2022-01-02T19:21:50Z" level=debug msg="Added outgoing tracing middleware thaumagen-github-io" middlewareType=TracingForwarder entryPointName=websecure routerName=iona-public@file middlewareName=tracing
time="2022-01-02T19:21:50Z" level=debug msg="Creating middleware" middlewareName=add-iona-prefix@file entryPointName=websecure routerName=iona-public@file middlewareType=AddPrefix
time="2022-01-02T19:21:50Z" level=debug msg="Adding tracing to middleware" entryPointName=websecure routerName=iona-public@file middlewareName=add-iona-prefix@file
time="2022-01-02T19:21:50Z" level=debug msg="Creating middleware" middlewareName=pipelining middlewareType=Pipelining routerName=iona-grafana@file serviceName=grafana entryPointName=websecure
time="2022-01-02T19:21:50Z" level=debug msg="Creating middleware" middlewareName=metrics-service middlewareType=Metrics entryPointName=websecure routerName=iona-grafana@file serviceName=grafana
time="2022-01-02T19:21:50Z" level=debug msg="Creating load-balancer" entryPointName=websecure routerName=iona-grafana@file serviceName=grafana
time="2022-01-02T19:21:50Z" level=debug msg="Creating server 0 http://grafana.monitoring:80/" serverName=0 entryPointName=websecure routerName=iona-grafana@file serviceName=grafana
time="2022-01-02T19:21:50Z" level=debug msg="child http://grafana.monitoring:80/ now UP"
time="2022-01-02T19:21:50Z" level=debug msg="Propagating new UP status"
time="2022-01-02T19:21:50Z" level=debug msg="Added outgoing tracing middleware grafana" middlewareType=TracingForwarder entryPointName=websecure routerName=iona-grafana@file middlewareName=tracing
time="2022-01-02T19:21:50Z" level=debug msg="Creating middleware" serviceName=thaumagen-github-io middlewareName=pipelining middlewareType=Pipelining routerName=iona-thaumagen@file entryPointName=websecure
time="2022-01-02T19:21:50Z" level=debug msg="Creating middleware" middlewareName=metrics-service routerName=iona-thaumagen@file entryPointName=websecure serviceName=thaumagen-github-io middlewareType=Metrics
time="2022-01-02T19:21:50Z" level=debug msg="Creating load-balancer" entryPointName=websecure serviceName=thaumagen-github-io routerName=iona-thaumagen@file
time="2022-01-02T19:21:50Z" level=debug msg="Creating server 0 https://thaumagen.github.io/" routerName=iona-thaumagen@file entryPointName=websecure serviceName=thaumagen-github-io serverName=0
time="2022-01-02T19:21:50Z" level=debug msg="child https://thaumagen.github.io/ now UP"
time="2022-01-02T19:21:50Z" level=debug msg="Propagating new UP status"
time="2022-01-02T19:21:50Z" level=debug msg="Added outgoing tracing middleware thaumagen-github-io" entryPointName=websecure routerName=iona-thaumagen@file middlewareName=tracing middlewareType=TracingForwarder
time="2022-01-02T19:21:50Z" level=debug msg="Creating middleware" middlewareName=add-iona-prefix@file middlewareType=AddPrefix routerName=iona-thaumagen@file entryPointName=websecure
time="2022-01-02T19:21:50Z" level=debug msg="Adding tracing to middleware" entryPointName=websecure routerName=iona-thaumagen@file middlewareName=add-iona-prefix@file
time="2022-01-02T19:21:50Z" level=debug msg="Creating middleware" serviceName=thaumagen-github-io middlewareName=pipelining middlewareType=Pipelining entryPointName=websecure routerName=iona-authn@file
time="2022-01-02T19:21:50Z" level=debug msg="Creating middleware" routerName=iona-authn@file serviceName=thaumagen-github-io middlewareName=metrics-service middlewareType=Metrics entryPointName=websecure
time="2022-01-02T19:21:50Z" level=debug msg="Creating load-balancer" entryPointName=websecure routerName=iona-authn@file serviceName=thaumagen-github-io
time="2022-01-02T19:21:50Z" level=debug msg="Creating server 0 https://thaumagen.github.io/" entryPointName=websecure routerName=iona-authn@file serviceName=thaumagen-github-io serverName=0
time="2022-01-02T19:21:50Z" level=debug msg="child https://thaumagen.github.io/ now UP"
time="2022-01-02T19:21:50Z" level=debug msg="Propagating new UP status"
time="2022-01-02T19:21:50Z" level=debug msg="Added outgoing tracing middleware thaumagen-github-io" routerName=iona-authn@file entryPointName=websecure middlewareName=tracing middlewareType=TracingForwarder
time="2022-01-02T19:21:50Z" level=debug msg="Creating middleware" middlewareType=AddPrefix entryPointName=websecure routerName=iona-authn@file middlewareName=add-iona-prefix@file
time="2022-01-02T19:21:50Z" level=debug msg="Adding tracing to middleware" entryPointName=websecure routerName=iona-authn@file middlewareName=add-iona-prefix@file
time="2022-01-02T19:21:50Z" level=debug msg="Creating middleware" middlewareType=Pipelining entryPointName=websecure routerName=websecure-iona-static@file serviceName=nginx middlewareName=pipelining
time="2022-01-02T19:21:50Z" level=debug msg="Creating middleware" routerName=websecure-iona-static@file middlewareName=metrics-service middlewareType=Metrics serviceName=nginx entryPointName=websecure
time="2022-01-02T19:21:50Z" level=debug msg="Creating load-balancer" routerName=websecure-iona-static@file serviceName=nginx entryPointName=websecure
time="2022-01-02T19:21:50Z" level=debug msg="Creating server 0 http://nginx.iona:80/" serviceName=nginx serverName=0 entryPointName=websecure routerName=websecure-iona-static@file
time="2022-01-02T19:21:50Z" level=debug msg="child http://nginx.iona:80/ now UP"
time="2022-01-02T19:21:50Z" level=debug msg="Propagating new UP status"
time="2022-01-02T19:21:50Z" level=debug msg="Added outgoing tracing middleware nginx" middlewareName=tracing middlewareType=TracingForwarder entryPointName=websecure routerName=websecure-iona-static@file
time="2022-01-02T19:21:50Z" level=debug msg="Creating middleware" entryPointName=websecure middlewareType=Recovery middlewareName=traefik-internal-recovery
time="2022-01-02T19:21:50Z" level=debug msg="Creating middleware" serviceName=nginx middlewareName=pipelining middlewareType=Pipelining routerName=iona-static@file entryPointName=web
time="2022-01-02T19:21:50Z" level=debug msg="Creating middleware" entryPointName=web serviceName=nginx middlewareName=metrics-service middlewareType=Metrics routerName=iona-static@file
time="2022-01-02T19:21:50Z" level=debug msg="Creating load-balancer" serviceName=nginx routerName=iona-static@file entryPointName=web
time="2022-01-02T19:21:50Z" level=debug msg="Creating server 0 http://nginx.iona:80/" entryPointName=web serverName=0 serviceName=nginx routerName=iona-static@file
time="2022-01-02T19:21:50Z" level=debug msg="child http://nginx.iona:80/ now UP"
time="2022-01-02T19:21:50Z" level=debug msg="Propagating new UP status"
time="2022-01-02T19:21:50Z" level=debug msg="Added outgoing tracing middleware nginx" entryPointName=web routerName=iona-static@file middlewareName=tracing middlewareType=TracingForwarder
time="2022-01-02T19:21:50Z" level=debug msg="Creating middleware" entryPointName=web middlewareName=traefik-internal-recovery middlewareType=Recovery
time="2022-01-02T19:21:50Z" level=debug msg="Creating middleware" middlewareName=metrics-entrypoint middlewareType=Metrics entryPointName=metrics
time="2022-01-02T19:21:50Z" level=debug msg="Creating middleware" middlewareName=metrics-entrypoint middlewareType=Metrics entryPointName=traefik
time="2022-01-02T19:21:50Z" level=debug msg="Creating middleware" middlewareName=metrics-entrypoint entryPointName=web middlewareType=Metrics
time="2022-01-02T19:21:50Z" level=debug msg="Creating middleware" middlewareType=Metrics entryPointName=websecure middlewareName=metrics-entrypoint
time="2022-01-02T19:21:50Z" level=debug msg="Adding route for iona.thaumagen.io with TLS options default" entryPointName=web
time="2022-01-02T19:21:50Z" level=debug msg="Adding route for iona.thaumagen.io with TLS options default" entryPointName=websecure
time="2022-01-02T19:21:50Z" level=debug msg="Adding route for grafana.iona.thaumagen.io with TLS options default" entryPointName=websecure
time="2022-01-02T19:21:50Z" level=debug msg="No default certificate, generating one" tlsStoreName=default
time="2022-01-02T19:21:50Z" level=debug msg="Looking for provided certificate(s) to validate [\"thaumagen.io\" \"*.thaumagen.io\"]..." providerName=letsencrypt.acme
time="2022-01-02T19:21:51Z" level=debug msg="Adding certificate for domain(s) thaumagen.io,*.thaumagen.io"
time="2022-01-02T19:21:51Z" level=debug msg="No ACME certificate generation required for domains [\"thaumagen.io\" \"*.thaumagen.io\"]." providerName=letsencrypt.acme
time="2022-01-02T19:21:51Z" level=debug msg="Looking for provided certificate(s) to validate [\"thaumagen.io\" \"*.thaumagen.io\"]..." providerName=letsencrypt.acme
time="2022-01-02T19:21:51Z" level=debug msg="No ACME certificate generation required for domains [\"thaumagen.io\" \"*.thaumagen.io\"]." providerName=letsencrypt.acme
time="2022-01-02T19:21:51Z" level=debug msg="Looking for provided certificate(s) to validate [\"thaumagen.io\" \"*.thaumagen.io\"]..." providerName=letsencrypt.acme
time="2022-01-02T19:21:51Z" level=debug msg="No ACME certificate generation required for domains [\"thaumagen.io\" \"*.thaumagen.io\"]." providerName=letsencrypt.acme
time="2022-01-02T19:21:51Z" level=debug msg="Looking for provided certificate(s) to validate [\"thaumagen.io\" \"*.thaumagen.io\"]..." providerName=letsencrypt.acme
time="2022-01-02T19:21:51Z" level=debug msg="No ACME certificate generation required for domains [\"thaumagen.io\" \"*.thaumagen.io\"]." providerName=letsencrypt.acme
time="2022-01-02T19:21:51Z" level=debug msg="Looking for provided certificate(s) to validate [\"thaumagen.io\" \"*.thaumagen.io\"]..." providerName=letsencrypt.acme
time="2022-01-02T19:21:51Z" level=debug msg="No ACME certificate generation required for domains [\"thaumagen.io\" \"*.thaumagen.io\"]." providerName=letsencrypt.acme
time="2022-01-02T19:21:51Z" level=debug msg="Looking for provided certificate(s) to validate [\"thaumagen.io\" \"*.thaumagen.io\"]..." providerName=letsencrypt.acme
time="2022-01-02T19:21:51Z" level=debug msg="No ACME certificate generation required for domains [\"thaumagen.io\" \"*.thaumagen.io\"]." providerName=letsencrypt.acme
time="2022-01-02T19:21:51Z" level=debug msg="Added outgoing tracing middleware api@internal" entryPointName=traefik routerName=api@internal middlewareType=TracingForwarder middlewareName=tracing
time="2022-01-02T19:21:51Z" level=debug msg="Added outgoing tracing middleware dashboard@internal" middlewareName=tracing middlewareType=TracingForwarder entryPointName=traefik routerName=dashboard@internal
time="2022-01-02T19:21:51Z" level=debug msg="Creating middleware" entryPointName=traefik middlewareName=dashboard_stripprefix@internal middlewareType=StripPrefix routerName=dashboard@internal
time="2022-01-02T19:21:51Z" level=debug msg="Adding tracing to middleware" middlewareName=dashboard_stripprefix@internal routerName=dashboard@internal entryPointName=traefik
time="2022-01-02T19:21:51Z" level=debug msg="Creating middleware" middlewareName=dashboard_redirect@internal middlewareType=RedirectRegex entryPointName=traefik routerName=dashboard@internal
time="2022-01-02T19:21:51Z" level=debug msg="Setting up redirection from ^(http:\\/\\/(\\[[\\w:.]+\\]|[\\w\\._-]+)(:\\d+)?)\\/$ to ${1}/dashboard/" middlewareName=dashboard_redirect@internal middlewareType=RedirectRegex entryPointName=traefik routerName=dashboard@internal
time="2022-01-02T19:21:51Z" level=debug msg="Adding tracing to middleware" entryPointName=traefik routerName=dashboard@internal middlewareName=dashboard_redirect@internal
time="2022-01-02T19:21:51Z" level=debug msg="Added outgoing tracing middleware ping@internal" middlewareType=TracingForwarder entryPointName=traefik routerName=ping@internal middlewareName=tracing
time="2022-01-02T19:21:51Z" level=debug msg="Creating middleware" middlewareType=Recovery middlewareName=traefik-internal-recovery entryPointName=traefik
time="2022-01-02T19:21:51Z" level=debug msg="Added outgoing tracing middleware prometheus@internal" routerName=prometheus@internal entryPointName=metrics middlewareName=tracing middlewareType=TracingForwarder
time="2022-01-02T19:21:51Z" level=debug msg="Creating middleware" middlewareName=traefik-internal-recovery middlewareType=Recovery entryPointName=metrics
time="2022-01-02T19:21:51Z" level=debug msg="Creating middleware" middlewareType=Metrics entryPointName=metrics middlewareName=metrics-entrypoint
time="2022-01-02T19:21:51Z" level=debug msg="Creating middleware" entryPointName=traefik middlewareName=metrics-entrypoint middlewareType=Metrics
time="2022-01-02T19:21:51Z" level=debug msg="Creating middleware" entryPointName=web middlewareName=metrics-entrypoint middlewareType=Metrics
time="2022-01-02T19:21:51Z" level=debug msg="Creating middleware" middlewareName=metrics-entrypoint middlewareType=Metrics entryPointName=websecure
time="2022-01-02T19:21:51Z" level=debug msg="Creating middleware" serviceName=nginx middlewareName=pipelining middlewareType=Pipelining entryPointName=web routerName=iona-static@file
time="2022-01-02T19:21:51Z" level=debug msg="Creating middleware" middlewareType=Metrics entryPointName=web routerName=iona-static@file serviceName=nginx middlewareName=metrics-service
time="2022-01-02T19:21:51Z" level=debug msg="Creating load-balancer" entryPointName=web routerName=iona-static@file serviceName=nginx
time="2022-01-02T19:21:51Z" level=debug msg="Creating server 0 http://nginx.iona:80/" routerName=iona-static@file serviceName=nginx serverName=0 entryPointName=web
time="2022-01-02T19:21:51Z" level=debug msg="child http://nginx.iona:80/ now UP"
time="2022-01-02T19:21:51Z" level=debug msg="Propagating new UP status"
time="2022-01-02T19:21:51Z" level=debug msg="Added outgoing tracing middleware nginx" middlewareType=TracingForwarder entryPointName=web routerName=iona-static@file middlewareName=tracing
time="2022-01-02T19:21:51Z" level=debug msg="Creating middleware" middlewareType=Recovery entryPointName=web middlewareName=traefik-internal-recovery
time="2022-01-02T19:21:51Z" level=debug msg="Creating middleware" routerName=iona-thaumagen@file entryPointName=websecure serviceName=thaumagen-github-io middlewareName=pipelining middlewareType=Pipelining
time="2022-01-02T19:21:51Z" level=debug msg="Creating middleware" middlewareName=metrics-service middlewareType=Metrics routerName=iona-thaumagen@file entryPointName=websecure serviceName=thaumagen-github-io
time="2022-01-02T19:21:51Z" level=debug msg="Creating load-balancer" routerName=iona-thaumagen@file entryPointName=websecure serviceName=thaumagen-github-io
time="2022-01-02T19:21:51Z" level=debug msg="Creating server 0 https://thaumagen.github.io/" routerName=iona-thaumagen@file entryPointName=websecure serviceName=thaumagen-github-io serverName=0
time="2022-01-02T19:21:51Z" level=debug msg="child https://thaumagen.github.io/ now UP"
time="2022-01-02T19:21:51Z" level=debug msg="Propagating new UP status"
time="2022-01-02T19:21:51Z" level=debug msg="Added outgoing tracing middleware thaumagen-github-io" routerName=iona-thaumagen@file entryPointName=websecure middlewareName=tracing middlewareType=TracingForwarder
time="2022-01-02T19:21:51Z" level=debug msg="Creating middleware" entryPointName=websecure routerName=iona-thaumagen@file middlewareName=add-iona-prefix@file middlewareType=AddPrefix
time="2022-01-02T19:21:51Z" level=debug msg="Adding tracing to middleware" routerName=iona-thaumagen@file middlewareName=add-iona-prefix@file entryPointName=websecure
time="2022-01-02T19:21:51Z" level=debug msg="Creating middleware" serviceName=nginx middlewareName=pipelining middlewareType=Pipelining entryPointName=websecure routerName=websecure-iona-static@file
time="2022-01-02T19:21:51Z" level=debug msg="Creating middleware" routerName=websecure-iona-static@file serviceName=nginx entryPointName=websecure middlewareName=metrics-service middlewareType=Metrics
time="2022-01-02T19:21:51Z" level=debug msg="Creating load-balancer" serviceName=nginx entryPointName=websecure routerName=websecure-iona-static@file
time="2022-01-02T19:21:51Z" level=debug msg="Creating server 0 http://nginx.iona:80/" serverName=0 entryPointName=websecure routerName=websecure-iona-static@file serviceName=nginx
time="2022-01-02T19:21:51Z" level=debug msg="child http://nginx.iona:80/ now UP"
time="2022-01-02T19:21:51Z" level=debug msg="Propagating new UP status"
time="2022-01-02T19:21:51Z" level=debug msg="Added outgoing tracing middleware nginx" routerName=websecure-iona-static@file middlewareName=tracing middlewareType=TracingForwarder entryPointName=websecure
time="2022-01-02T19:21:51Z" level=debug msg="Creating middleware" middlewareType=Pipelining entryPointName=websecure routerName=iona-authn@file serviceName=thaumagen-github-io middlewareName=pipelining
time="2022-01-02T19:21:51Z" level=debug msg="Creating middleware" middlewareName=metrics-service middlewareType=Metrics entryPointName=websecure routerName=iona-authn@file serviceName=thaumagen-github-io
time="2022-01-02T19:21:51Z" level=debug msg="Creating load-balancer" serviceName=thaumagen-github-io entryPointName=websecure routerName=iona-authn@file
time="2022-01-02T19:21:51Z" level=debug msg="Creating server 0 https://thaumagen.github.io/" serverName=0 serviceName=thaumagen-github-io entryPointName=websecure routerName=iona-authn@file
time="2022-01-02T19:21:51Z" level=debug msg="child https://thaumagen.github.io/ now UP"
time="2022-01-02T19:21:51Z" level=debug msg="Propagating new UP status"
time="2022-01-02T19:21:51Z" level=debug msg="Added outgoing tracing middleware thaumagen-github-io" middlewareName=tracing middlewareType=TracingForwarder entryPointName=websecure routerName=iona-authn@file
time="2022-01-02T19:21:51Z" level=debug msg="Creating middleware" entryPointName=websecure routerName=iona-authn@file middlewareName=add-iona-prefix@file middlewareType=AddPrefix
time="2022-01-02T19:21:51Z" level=debug msg="Adding tracing to middleware" middlewareName=add-iona-prefix@file entryPointName=websecure routerName=iona-authn@file
time="2022-01-02T19:21:51Z" level=debug msg="Creating middleware" entryPointName=websecure serviceName=thaumagen-github-io middlewareName=pipelining middlewareType=Pipelining routerName=iona-public@file
time="2022-01-02T19:21:51Z" level=debug msg="Creating middleware" middlewareName=metrics-service middlewareType=Metrics routerName=iona-public@file entryPointName=websecure serviceName=thaumagen-github-io
time="2022-01-02T19:21:51Z" level=debug msg="Creating load-balancer" entryPointName=websecure serviceName=thaumagen-github-io routerName=iona-public@file
time="2022-01-02T19:21:51Z" level=debug msg="Creating server 0 https://thaumagen.github.io/" entryPointName=websecure serviceName=thaumagen-github-io serverName=0 routerName=iona-public@file
time="2022-01-02T19:21:51Z" level=debug msg="child https://thaumagen.github.io/ now UP"
time="2022-01-02T19:21:51Z" level=debug msg="Propagating new UP status"
time="2022-01-02T19:21:51Z" level=debug msg="Added outgoing tracing middleware thaumagen-github-io" routerName=iona-public@file middlewareName=tracing middlewareType=TracingForwarder entryPointName=websecure
time="2022-01-02T19:21:51Z" level=debug msg="Creating middleware" middlewareType=AddPrefix middlewareName=add-iona-prefix@file entryPointName=websecure routerName=iona-public@file
time="2022-01-02T19:21:51Z" level=debug msg="Adding tracing to middleware" middlewareName=add-iona-prefix@file entryPointName=websecure routerName=iona-public@file
time="2022-01-02T19:21:51Z" level=debug msg="Creating middleware" middlewareType=Pipelining entryPointName=websecure routerName=iona-grafana@file serviceName=grafana middlewareName=pipelining
time="2022-01-02T19:21:51Z" level=debug msg="Creating middleware" entryPointName=websecure routerName=iona-grafana@file serviceName=grafana middlewareName=metrics-service middlewareType=Metrics
time="2022-01-02T19:21:51Z" level=debug msg="Creating load-balancer" serviceName=grafana entryPointName=websecure routerName=iona-grafana@file
time="2022-01-02T19:21:51Z" level=debug msg="Creating server 0 http://grafana.monitoring:80/" entryPointName=websecure routerName=iona-grafana@file serviceName=grafana serverName=0
time="2022-01-02T19:21:51Z" level=debug msg="child http://grafana.monitoring:80/ now UP"
time="2022-01-02T19:21:51Z" level=debug msg="Propagating new UP status"
time="2022-01-02T19:21:51Z" level=debug msg="Added outgoing tracing middleware grafana" entryPointName=websecure routerName=iona-grafana@file middlewareType=TracingForwarder middlewareName=tracing
time="2022-01-02T19:21:51Z" level=debug msg="Creating middleware" middlewareName=traefik-internal-recovery middlewareType=Recovery entryPointName=websecure
time="2022-01-02T19:21:51Z" level=debug msg="Creating middleware" entryPointName=metrics middlewareName=metrics-entrypoint middlewareType=Metrics
time="2022-01-02T19:21:51Z" level=debug msg="Creating middleware" entryPointName=traefik middlewareType=Metrics middlewareName=metrics-entrypoint
time="2022-01-02T19:21:51Z" level=debug msg="Creating middleware" middlewareName=metrics-entrypoint middlewareType=Metrics entryPointName=web
time="2022-01-02T19:21:51Z" level=debug msg="Creating middleware" middlewareType=Metrics entryPointName=websecure middlewareName=metrics-entrypoint
time="2022-01-02T19:21:51Z" level=debug msg="Adding route for iona.thaumagen.io with TLS options default" entryPointName=web
time="2022-01-02T19:21:51Z" level=debug msg="Adding route for iona.thaumagen.io with TLS options default" entryPointName=websecure
time="2022-01-02T19:21:51Z" level=debug msg="Adding route for grafana.iona.thaumagen.io with TLS options default" entryPointName=websecure
time="2022-01-02T19:21:51Z" level=debug msg="No default certificate, generating one" tlsStoreName=default
time="2022-01-02T19:21:51Z" level=debug msg="Looking for provided certificate(s) to validate [\"thaumagen.io\" \"*.thaumagen.io\"]..." providerName=letsencrypt.acme
time="2022-01-02T19:21:52Z" level=debug msg="Adding certificate for domain(s) thaumagen.io,*.thaumagen.io"
time="2022-01-02T19:21:52Z" level=debug msg="No ACME certificate generation required for domains [\"thaumagen.io\" \"*.thaumagen.io\"]." providerName=letsencrypt.acme
time="2022-01-02T19:21:52Z" level=debug msg="Looking for provided certificate(s) to validate [\"thaumagen.io\" \"*.thaumagen.io\"]..." providerName=letsencrypt.acme
time="2022-01-02T19:21:52Z" level=debug msg="No ACME certificate generation required for domains [\"thaumagen.io\" \"*.thaumagen.io\"]." providerName=letsencrypt.acme
time="2022-01-02T19:21:52Z" level=debug msg="Looking for provided certificate(s) to validate [\"thaumagen.io\" \"*.thaumagen.io\"]..." providerName=letsencrypt.acme
time="2022-01-02T19:21:52Z" level=debug msg="No ACME certificate generation required for domains [\"thaumagen.io\" \"*.thaumagen.io\"]." providerName=letsencrypt.acme
time="2022-01-02T19:21:52Z" level=debug msg="Looking for provided certificate(s) to validate [\"thaumagen.io\" \"*.thaumagen.io\"]..." providerName=letsencrypt.acme
time="2022-01-02T19:21:52Z" level=debug msg="No ACME certificate generation required for domains [\"thaumagen.io\" \"*.thaumagen.io\"]." providerName=letsencrypt.acme
time="2022-01-02T19:21:52Z" level=debug msg="Looking for provided certificate(s) to validate [\"thaumagen.io\" \"*.thaumagen.io\"]..." providerName=letsencrypt.acme
time="2022-01-02T19:21:52Z" level=debug msg="No ACME certificate generation required for domains [\"thaumagen.io\" \"*.thaumagen.io\"]." providerName=letsencrypt.acme
time="2022-01-02T19:21:52Z" level=debug msg="Looking for provided certificate(s) to validate [\"thaumagen.io\" \"*.thaumagen.io\"]..." providerName=letsencrypt.acme
time="2022-01-02T19:21:52Z" level=debug msg="No ACME certificate generation required for domains [\"thaumagen.io\" \"*.thaumagen.io\"]." providerName=letsencrypt.acme
time="2022-01-02T19:21:52Z" level=debug msg="Added outgoing tracing middleware ping@internal" routerName=ping@internal middlewareName=tracing middlewareType=TracingForwarder entryPointName=traefik
time="2022-01-02T19:21:52Z" level=debug msg="Added outgoing tracing middleware dashboard@internal" middlewareType=TracingForwarder entryPointName=traefik routerName=dashboard@internal middlewareName=tracing
time="2022-01-02T19:21:52Z" level=debug msg="Creating middleware" middlewareType=StripPrefix routerName=dashboard@internal entryPointName=traefik middlewareName=dashboard_stripprefix@internal
time="2022-01-02T19:21:52Z" level=debug msg="Adding tracing to middleware" entryPointName=traefik routerName=dashboard@internal middlewareName=dashboard_stripprefix@internal
time="2022-01-02T19:21:52Z" level=debug msg="Creating middleware" middlewareType=RedirectRegex entryPointName=traefik routerName=dashboard@internal middlewareName=dashboard_redirect@internal
time="2022-01-02T19:21:52Z" level=debug msg="Setting up redirection from ^(http:\\/\\/(\\[[\\w:.]+\\]|[\\w\\._-]+)(:\\d+)?)\\/$ to ${1}/dashboard/" middlewareType=RedirectRegex entryPointName=traefik routerName=dashboard@internal middlewareName=dashboard_redirect@internal
time="2022-01-02T19:21:52Z" level=debug msg="Adding tracing to middleware" routerName=dashboard@internal entryPointName=traefik middlewareName=dashboard_redirect@internal
time="2022-01-02T19:21:52Z" level=debug msg="Added outgoing tracing middleware api@internal" middlewareType=TracingForwarder middlewareName=tracing entryPointName=traefik routerName=iona-traefik-dashboard-d012b7f875133eeab4e5@kubernetescrd
time="2022-01-02T19:21:52Z" level=debug msg="Added outgoing tracing middleware api@internal" middlewareName=tracing middlewareType=TracingForwarder entryPointName=traefik routerName=api@internal
time="2022-01-02T19:21:52Z" level=debug msg="Creating middleware" entryPointName=traefik middlewareName=traefik-internal-recovery middlewareType=Recovery
time="2022-01-02T19:21:52Z" level=debug msg="Added outgoing tracing middleware prometheus@internal" entryPointName=metrics middlewareName=tracing middlewareType=TracingForwarder routerName=prometheus@internal
time="2022-01-02T19:21:52Z" level=debug msg="Creating middleware" entryPointName=metrics middlewareName=traefik-internal-recovery middlewareType=Recovery
time="2022-01-02T19:21:52Z" level=debug msg="Creating middleware" middlewareType=Metrics middlewareName=metrics-entrypoint entryPointName=metrics
time="2022-01-02T19:21:52Z" level=debug msg="Creating middleware" entryPointName=traefik middlewareName=metrics-entrypoint middlewareType=Metrics
time="2022-01-02T19:21:52Z" level=debug msg="Creating middleware" entryPointName=web middlewareName=metrics-entrypoint middlewareType=Metrics
time="2022-01-02T19:21:52Z" level=debug msg="Creating middleware" middlewareName=metrics-entrypoint middlewareType=Metrics entryPointName=websecure
time="2022-01-02T19:21:52Z" level=debug msg="Creating middleware" routerName=iona-public@file serviceName=thaumagen-github-io middlewareName=pipelining middlewareType=Pipelining entryPointName=websecure
time="2022-01-02T19:21:52Z" level=debug msg="Creating middleware" entryPointName=websecure routerName=iona-public@file serviceName=thaumagen-github-io middlewareName=metrics-service middlewareType=Metrics
time="2022-01-02T19:21:52Z" level=debug msg="Creating load-balancer" entryPointName=websecure routerName=iona-public@file serviceName=thaumagen-github-io
time="2022-01-02T19:21:52Z" level=debug msg="Creating server 0 https://thaumagen.github.io/" entryPointName=websecure routerName=iona-public@file serviceName=thaumagen-github-io serverName=0
time="2022-01-02T19:21:52Z" level=debug msg="child https://thaumagen.github.io/ now UP"
time="2022-01-02T19:21:52Z" level=debug msg="Propagating new UP status"
time="2022-01-02T19:21:52Z" level=debug msg="Added outgoing tracing middleware thaumagen-github-io" entryPointName=websecure routerName=iona-public@file middlewareName=tracing middlewareType=TracingForwarder
time="2022-01-02T19:21:52Z" level=debug msg="Creating middleware" entryPointName=websecure routerName=iona-public@file middlewareName=add-iona-prefix@file middlewareType=AddPrefix
time="2022-01-02T19:21:52Z" level=debug msg="Adding tracing to middleware" middlewareName=add-iona-prefix@file entryPointName=websecure routerName=iona-public@file
time="2022-01-02T19:21:52Z" level=debug msg="Creating middleware" middlewareName=pipelining middlewareType=Pipelining routerName=iona-grafana@file entryPointName=websecure serviceName=grafana
time="2022-01-02T19:21:52Z" level=debug msg="Creating middleware" middlewareType=Metrics routerName=iona-grafana@file entryPointName=websecure serviceName=grafana middlewareName=metrics-service
time="2022-01-02T19:21:52Z" level=debug msg="Creating load-balancer" serviceName=grafana routerName=iona-grafana@file entryPointName=websecure
time="2022-01-02T19:21:52Z" level=debug msg="Creating server 0 http://grafana.monitoring:80/" entryPointName=websecure serviceName=grafana serverName=0 routerName=iona-grafana@file
time="2022-01-02T19:21:52Z" level=debug msg="child http://grafana.monitoring:80/ now UP"
time="2022-01-02T19:21:52Z" level=debug msg="Propagating new UP status"
time="2022-01-02T19:21:52Z" level=debug msg="Added outgoing tracing middleware grafana" middlewareName=tracing middlewareType=TracingForwarder entryPointName=websecure routerName=iona-grafana@file
time="2022-01-02T19:21:52Z" level=debug msg="Creating middleware" middlewareType=Pipelining entryPointName=websecure routerName=iona-thaumagen@file serviceName=thaumagen-github-io middlewareName=pipelining
time="2022-01-02T19:21:52Z" level=debug msg="Creating middleware" serviceName=thaumagen-github-io middlewareName=metrics-service middlewareType=Metrics entryPointName=websecure routerName=iona-thaumagen@file
time="2022-01-02T19:21:52Z" level=debug msg="Creating load-balancer" entryPointName=websecure routerName=iona-thaumagen@file serviceName=thaumagen-github-io
time="2022-01-02T19:21:52Z" level=debug msg="Creating server 0 https://thaumagen.github.io/" serverName=0 entryPointName=websecure routerName=iona-thaumagen@file serviceName=thaumagen-github-io
time="2022-01-02T19:21:52Z" level=debug msg="child https://thaumagen.github.io/ now UP"
time="2022-01-02T19:21:52Z" level=debug msg="Propagating new UP status"
time="2022-01-02T19:21:52Z" level=debug msg="Added outgoing tracing middleware thaumagen-github-io" routerName=iona-thaumagen@file middlewareName=tracing middlewareType=TracingForwarder entryPointName=websecure
time="2022-01-02T19:21:52Z" level=debug msg="Creating middleware" middlewareType=AddPrefix entryPointName=websecure routerName=iona-thaumagen@file middlewareName=add-iona-prefix@file
time="2022-01-02T19:21:52Z" level=debug msg="Adding tracing to middleware" entryPointName=websecure routerName=iona-thaumagen@file middlewareName=add-iona-prefix@file
time="2022-01-02T19:21:52Z" level=debug msg="Creating middleware" middlewareType=Pipelining entryPointName=websecure routerName=websecure-iona-static@file serviceName=nginx middlewareName=pipelining
time="2022-01-02T19:21:52Z" level=debug msg="Creating middleware" middlewareType=Metrics entryPointName=websecure routerName=websecure-iona-static@file serviceName=nginx middlewareName=metrics-service
time="2022-01-02T19:21:52Z" level=debug msg="Creating load-balancer" entryPointName=websecure routerName=websecure-iona-static@file serviceName=nginx
time="2022-01-02T19:21:52Z" level=debug msg="Creating server 0 http://nginx.iona:80/" serverName=0 entryPointName=websecure routerName=websecure-iona-static@file serviceName=nginx
time="2022-01-02T19:21:52Z" level=debug msg="child http://nginx.iona:80/ now UP"
time="2022-01-02T19:21:52Z" level=debug msg="Propagating new UP status"
time="2022-01-02T19:21:52Z" level=debug msg="Added outgoing tracing middleware nginx" middlewareType=TracingForwarder entryPointName=websecure routerName=websecure-iona-static@file middlewareName=tracing
time="2022-01-02T19:21:52Z" level=debug msg="Creating middleware" entryPointName=websecure routerName=iona-authn@file serviceName=thaumagen-github-io middlewareType=Pipelining middlewareName=pipelining
time="2022-01-02T19:21:52Z" level=debug msg="Creating middleware" routerName=iona-authn@file serviceName=thaumagen-github-io middlewareName=metrics-service middlewareType=Metrics entryPointName=websecure
time="2022-01-02T19:21:52Z" level=debug msg="Creating load-balancer" routerName=iona-authn@file serviceName=thaumagen-github-io entryPointName=websecure
time="2022-01-02T19:21:52Z" level=debug msg="Creating server 0 https://thaumagen.github.io/" entryPointName=websecure routerName=iona-authn@file serviceName=thaumagen-github-io serverName=0
time="2022-01-02T19:21:52Z" level=debug msg="child https://thaumagen.github.io/ now UP"
time="2022-01-02T19:21:52Z" level=debug msg="Propagating new UP status"
time="2022-01-02T19:21:52Z" level=debug msg="Added outgoing tracing middleware thaumagen-github-io" entryPointName=websecure routerName=iona-authn@file middlewareName=tracing middlewareType=TracingForwarder
time="2022-01-02T19:21:52Z" level=debug msg="Creating middleware" middlewareName=add-iona-prefix@file middlewareType=AddPrefix entryPointName=websecure routerName=iona-authn@file
time="2022-01-02T19:21:52Z" level=debug msg="Adding tracing to middleware" middlewareName=add-iona-prefix@file entryPointName=websecure routerName=iona-authn@file
time="2022-01-02T19:21:52Z" level=debug msg="Creating middleware" middlewareType=Recovery entryPointName=websecure middlewareName=traefik-internal-recovery
time="2022-01-02T19:21:52Z" level=debug msg="Creating middleware" middlewareName=pipelining middlewareType=Pipelining entryPointName=web routerName=iona-static@file serviceName=nginx
time="2022-01-02T19:21:52Z" level=debug msg="Creating middleware" middlewareType=Metrics entryPointName=web routerName=iona-static@file serviceName=nginx middlewareName=metrics-service
time="2022-01-02T19:21:52Z" level=debug msg="Creating load-balancer" entryPointName=web routerName=iona-static@file serviceName=nginx
time="2022-01-02T19:21:52Z" level=debug msg="Creating server 0 http://nginx.iona:80/" serverName=0 entryPointName=web routerName=iona-static@file serviceName=nginx
time="2022-01-02T19:21:52Z" level=debug msg="child http://nginx.iona:80/ now UP"
time="2022-01-02T19:21:52Z" level=debug msg="Propagating new UP status"
time="2022-01-02T19:21:52Z" level=debug msg="Added outgoing tracing middleware nginx" middlewareType=TracingForwarder entryPointName=web routerName=iona-static@file middlewareName=tracing
time="2022-01-02T19:21:52Z" level=debug msg="Creating middleware" entryPointName=web middlewareName=traefik-internal-recovery middlewareType=Recovery
time="2022-01-02T19:21:52Z" level=debug msg="Creating middleware" middlewareName=metrics-entrypoint middlewareType=Metrics entryPointName=metrics
time="2022-01-02T19:21:52Z" level=debug msg="Creating middleware" entryPointName=traefik middlewareName=metrics-entrypoint middlewareType=Metrics
time="2022-01-02T19:21:52Z" level=debug msg="Creating middleware" middlewareType=Metrics entryPointName=web middlewareName=metrics-entrypoint
time="2022-01-02T19:21:52Z" level=debug msg="Creating middleware" entryPointName=websecure middlewareName=metrics-entrypoint middlewareType=Metrics
time="2022-01-02T19:21:52Z" level=debug msg="Adding route for iona.thaumagen.io with TLS options default" entryPointName=web
time="2022-01-02T19:21:52Z" level=debug msg="Adding route for iona.thaumagen.io with TLS options default" entryPointName=websecure
time="2022-01-02T19:21:52Z" level=debug msg="Adding route for grafana.iona.thaumagen.io with TLS options default" entryPointName=websecure
time="2022-01-02T19:21:52Z" level=debug msg="No default certificate, generating one" tlsStoreName=default
time="2022-01-02T19:21:52Z" level=debug msg="Looking for provided certificate(s) to validate [\"thaumagen.io\" \"*.thaumagen.io\"]..." providerName=letsencrypt.acme
time="2022-01-02T19:21:53Z" level=debug msg="Adding certificate for domain(s) thaumagen.io,*.thaumagen.io"
time="2022-01-02T19:21:53Z" level=debug msg="No ACME certificate generation required for domains [\"thaumagen.io\" \"*.thaumagen.io\"]." providerName=letsencrypt.acme
time="2022-01-02T19:21:53Z" level=debug msg="Looking for provided certificate(s) to validate [\"thaumagen.io\" \"*.thaumagen.io\"]..." providerName=letsencrypt.acme
time="2022-01-02T19:21:53Z" level=debug msg="No ACME certificate generation required for domains [\"thaumagen.io\" \"*.thaumagen.io\"]." providerName=letsencrypt.acme
time="2022-01-02T19:21:53Z" level=debug msg="Looking for provided certificate(s) to validate [\"thaumagen.io\" \"*.thaumagen.io\"]..." providerName=letsencrypt.acme
time="2022-01-02T19:21:53Z" level=debug msg="No ACME certificate generation required for domains [\"thaumagen.io\" \"*.thaumagen.io\"]." providerName=letsencrypt.acme
time="2022-01-02T19:21:53Z" level=debug msg="Added outgoing tracing middleware dashboard@internal" routerName=dashboard@internal entryPointName=traefik middlewareType=TracingForwarder middlewareName=tracing
time="2022-01-02T19:21:53Z" level=debug msg="Creating middleware" entryPointName=traefik routerName=dashboard@internal middlewareName=dashboard_stripprefix@internal middlewareType=StripPrefix
time="2022-01-02T19:21:53Z" level=debug msg="Adding tracing to middleware" entryPointName=traefik routerName=dashboard@internal middlewareName=dashboard_stripprefix@internal
time="2022-01-02T19:21:53Z" level=debug msg="Looking for provided certificate(s) to validate [\"thaumagen.io\" \"*.thaumagen.io\"]..." providerName=letsencrypt.acme
time="2022-01-02T19:21:53Z" level=debug msg="No ACME certificate generation required for domains [\"thaumagen.io\" \"*.thaumagen.io\"]." providerName=letsencrypt.acme
time="2022-01-02T19:21:53Z" level=debug msg="Looking for provided certificate(s) to validate [\"thaumagen.io\" \"*.thaumagen.io\"]..." providerName=letsencrypt.acme
time="2022-01-02T19:21:53Z" level=debug msg="Creating middleware" middlewareType=RedirectRegex entryPointName=traefik routerName=dashboard@internal middlewareName=dashboard_redirect@internal
time="2022-01-02T19:21:53Z" level=debug msg="Setting up redirection from ^(http:\\/\\/(\\[[\\w:.]+\\]|[\\w\\._-]+)(:\\d+)?)\\/$ to ${1}/dashboard/" entryPointName=traefik routerName=dashboard@internal middlewareName=dashboard_redirect@internal middlewareType=RedirectRegex
time="2022-01-02T19:21:53Z" level=debug msg="No ACME certificate generation required for domains [\"thaumagen.io\" \"*.thaumagen.io\"]." providerName=letsencrypt.acme
time="2022-01-02T19:21:53Z" level=debug msg="Looking for provided certificate(s) to validate [\"thaumagen.io\" \"*.thaumagen.io\"]..." providerName=letsencrypt.acme
time="2022-01-02T19:21:53Z" level=debug msg="No ACME certificate generation required for domains [\"thaumagen.io\" \"*.thaumagen.io\"]." providerName=letsencrypt.acme
time="2022-01-02T19:21:53Z" level=debug msg="Adding tracing to middleware" middlewareName=dashboard_redirect@internal entryPointName=traefik routerName=dashboard@internal
time="2022-01-02T19:21:53Z" level=debug msg="Added outgoing tracing middleware api@internal" routerName=iona-traefik-dashboard-d012b7f875133eeab4e5@kubernetescrd middlewareName=tracing middlewareType=TracingForwarder entryPointName=traefik
time="2022-01-02T19:21:53Z" level=debug msg="Added outgoing tracing middleware ping@internal" middlewareName=tracing entryPointName=traefik routerName=ping@internal middlewareType=TracingForwarder
time="2022-01-02T19:21:53Z" level=debug msg="Added outgoing tracing middleware api@internal" entryPointName=traefik routerName=api@internal middlewareName=tracing middlewareType=TracingForwarder
time="2022-01-02T19:21:53Z" level=debug msg="Creating middleware" entryPointName=traefik middlewareName=traefik-internal-recovery middlewareType=Recovery
time="2022-01-02T19:21:53Z" level=debug msg="Added outgoing tracing middleware prometheus@internal" routerName=prometheus@internal middlewareName=tracing middlewareType=TracingForwarder entryPointName=metrics
time="2022-01-02T19:21:53Z" level=debug msg="Creating middleware" middlewareType=Recovery entryPointName=metrics middlewareName=traefik-internal-recovery
time="2022-01-02T19:21:53Z" level=debug msg="Creating middleware" entryPointName=metrics middlewareName=metrics-entrypoint middlewareType=Metrics
time="2022-01-02T19:21:53Z" level=debug msg="Creating middleware" entryPointName=traefik middlewareType=Metrics middlewareName=metrics-entrypoint
time="2022-01-02T19:21:53Z" level=debug msg="Creating middleware" entryPointName=web middlewareName=metrics-entrypoint middlewareType=Metrics
time="2022-01-02T19:21:53Z" level=debug msg="Creating middleware" middlewareType=Metrics entryPointName=websecure middlewareName=metrics-entrypoint
time="2022-01-02T19:21:53Z" level=debug msg="Creating middleware" middlewareName=pipelining middlewareType=Pipelining entryPointName=websecure routerName=iona-thaumagen@file serviceName=thaumagen-github-io
time="2022-01-02T19:21:53Z" level=debug msg="Creating middleware" serviceName=thaumagen-github-io middlewareName=metrics-service middlewareType=Metrics entryPointName=websecure routerName=iona-thaumagen@file
time="2022-01-02T19:21:53Z" level=debug msg="Creating load-balancer" routerName=iona-thaumagen@file serviceName=thaumagen-github-io entryPointName=websecure
time="2022-01-02T19:21:53Z" level=debug msg="Creating server 0 https://thaumagen.github.io/" serviceName=thaumagen-github-io entryPointName=websecure routerName=iona-thaumagen@file serverName=0
time="2022-01-02T19:21:53Z" level=debug msg="child https://thaumagen.github.io/ now UP"
time="2022-01-02T19:21:53Z" level=debug msg="Propagating new UP status"
time="2022-01-02T19:21:53Z" level=debug msg="Added outgoing tracing middleware thaumagen-github-io" routerName=iona-thaumagen@file middlewareName=tracing middlewareType=TracingForwarder entryPointName=websecure
time="2022-01-02T19:21:53Z" level=debug msg="Creating middleware" middlewareType=AddPrefix entryPointName=websecure routerName=iona-thaumagen@file middlewareName=add-iona-prefix@file
time="2022-01-02T19:21:53Z" level=debug msg="Adding tracing to middleware" middlewareName=add-iona-prefix@file entryPointName=websecure routerName=iona-thaumagen@file
time="2022-01-02T19:21:53Z" level=debug msg="Creating middleware" middlewareName=pipelining middlewareType=Pipelining routerName=iona-authn@file entryPointName=websecure serviceName=thaumagen-github-io
time="2022-01-02T19:21:53Z" level=debug msg="Creating middleware" serviceName=thaumagen-github-io middlewareName=metrics-service middlewareType=Metrics routerName=iona-authn@file entryPointName=websecure
time="2022-01-02T19:21:53Z" level=debug msg="Creating load-balancer" entryPointName=websecure serviceName=thaumagen-github-io routerName=iona-authn@file
time="2022-01-02T19:21:53Z" level=debug msg="Creating server 0 https://thaumagen.github.io/" entryPointName=websecure serviceName=thaumagen-github-io routerName=iona-authn@file serverName=0
time="2022-01-02T19:21:53Z" level=debug msg="child https://thaumagen.github.io/ now UP"
time="2022-01-02T19:21:53Z" level=debug msg="Propagating new UP status"
time="2022-01-02T19:21:53Z" level=debug msg="Added outgoing tracing middleware thaumagen-github-io" entryPointName=websecure routerName=iona-authn@file middlewareName=tracing middlewareType=TracingForwarder
time="2022-01-02T19:21:53Z" level=debug msg="Creating middleware" routerName=iona-authn@file middlewareName=add-iona-prefix@file middlewareType=AddPrefix entryPointName=websecure
time="2022-01-02T19:21:53Z" level=debug msg="Adding tracing to middleware" routerName=iona-authn@file middlewareName=add-iona-prefix@file entryPointName=websecure
time="2022-01-02T19:21:53Z" level=debug msg="Creating middleware" serviceName=nginx middlewareName=pipelining middlewareType=Pipelining entryPointName=websecure routerName=websecure-iona-static@file
time="2022-01-02T19:21:53Z" level=debug msg="Creating middleware" middlewareName=metrics-service middlewareType=Metrics serviceName=nginx entryPointName=websecure routerName=websecure-iona-static@file
time="2022-01-02T19:21:53Z" level=debug msg="Creating load-balancer" entryPointName=websecure routerName=websecure-iona-static@file serviceName=nginx
time="2022-01-02T19:21:53Z" level=debug msg="Creating server 0 http://nginx.iona:80/" entryPointName=websecure routerName=websecure-iona-static@file serviceName=nginx serverName=0
time="2022-01-02T19:21:53Z" level=debug msg="child http://nginx.iona:80/ now UP"
time="2022-01-02T19:21:53Z" level=debug msg="Propagating new UP status"
time="2022-01-02T19:21:53Z" level=debug msg="Added outgoing tracing middleware nginx" middlewareType=TracingForwarder entryPointName=websecure routerName=websecure-iona-static@file middlewareName=tracing
time="2022-01-02T19:21:53Z" level=debug msg="Creating middleware" middlewareType=Pipelining middlewareName=pipelining entryPointName=websecure routerName=iona-grafana@file serviceName=grafana
time="2022-01-02T19:21:53Z" level=debug msg="Creating middleware" middlewareType=Metrics entryPointName=websecure routerName=iona-grafana@file serviceName=grafana middlewareName=metrics-service
time="2022-01-02T19:21:53Z" level=debug msg="Creating load-balancer" routerName=iona-grafana@file serviceName=grafana entryPointName=websecure
time="2022-01-02T19:21:53Z" level=debug msg="Creating server 0 http://grafana.monitoring:80/" serviceName=grafana serverName=0 entryPointName=websecure routerName=iona-grafana@file
time="2022-01-02T19:21:53Z" level=debug msg="child http://grafana.monitoring:80/ now UP"
time="2022-01-02T19:21:53Z" level=debug msg="Propagating new UP status"
time="2022-01-02T19:21:53Z" level=debug msg="Added outgoing tracing middleware grafana" middlewareType=TracingForwarder entryPointName=websecure routerName=iona-grafana@file middlewareName=tracing
time="2022-01-02T19:21:53Z" level=debug msg="Creating middleware" entryPointName=websecure routerName=iona-public@file serviceName=thaumagen-github-io middlewareName=pipelining middlewareType=Pipelining
time="2022-01-02T19:21:53Z" level=debug msg="Creating middleware" middlewareName=metrics-service middlewareType=Metrics serviceName=thaumagen-github-io entryPointName=websecure routerName=iona-public@file
time="2022-01-02T19:21:53Z" level=debug msg="Creating load-balancer" entryPointName=websecure routerName=iona-public@file serviceName=thaumagen-github-io
time="2022-01-02T19:21:53Z" level=debug msg="Creating server 0 https://thaumagen.github.io/" routerName=iona-public@file serviceName=thaumagen-github-io serverName=0 entryPointName=websecure
time="2022-01-02T19:21:53Z" level=debug msg="child https://thaumagen.github.io/ now UP"
time="2022-01-02T19:21:53Z" level=debug msg="Propagating new UP status"
time="2022-01-02T19:21:53Z" level=debug msg="Added outgoing tracing middleware thaumagen-github-io" middlewareName=tracing middlewareType=TracingForwarder entryPointName=websecure routerName=iona-public@file
time="2022-01-02T19:21:53Z" level=debug msg="Creating middleware" middlewareType=AddPrefix routerName=iona-public@file entryPointName=websecure middlewareName=add-iona-prefix@file
time="2022-01-02T19:21:53Z" level=debug msg="Adding tracing to middleware" entryPointName=websecure routerName=iona-public@file middlewareName=add-iona-prefix@file
time="2022-01-02T19:21:53Z" level=debug msg="Creating middleware" middlewareName=traefik-internal-recovery middlewareType=Recovery entryPointName=websecure
time="2022-01-02T19:21:53Z" level=debug msg="Creating middleware" entryPointName=web routerName=iona-static@file serviceName=nginx middlewareName=pipelining middlewareType=Pipelining
time="2022-01-02T19:21:53Z" level=debug msg="Creating middleware" middlewareType=Metrics entryPointName=web routerName=iona-static@file serviceName=nginx middlewareName=metrics-service
time="2022-01-02T19:21:53Z" level=debug msg="Creating load-balancer" entryPointName=web routerName=iona-static@file serviceName=nginx
time="2022-01-02T19:21:53Z" level=debug msg="Creating server 0 http://nginx.iona:80/" routerName=iona-static@file serviceName=nginx serverName=0 entryPointName=web
time="2022-01-02T19:21:53Z" level=debug msg="child http://nginx.iona:80/ now UP"
time="2022-01-02T19:21:53Z" level=debug msg="Propagating new UP status"
time="2022-01-02T19:21:53Z" level=debug msg="Added outgoing tracing middleware nginx" entryPointName=web routerName=iona-static@file middlewareName=tracing middlewareType=TracingForwarder
time="2022-01-02T19:21:53Z" level=debug msg="Creating middleware" middlewareType=Recovery entryPointName=web middlewareName=traefik-internal-recovery
time="2022-01-02T19:21:53Z" level=debug msg="Creating middleware" middlewareName=metrics-entrypoint middlewareType=Metrics entryPointName=metrics
time="2022-01-02T19:21:53Z" level=debug msg="Creating middleware" entryPointName=traefik middlewareName=metrics-entrypoint middlewareType=Metrics
time="2022-01-02T19:21:53Z" level=debug msg="Creating middleware" entryPointName=web middlewareName=metrics-entrypoint middlewareType=Metrics
time="2022-01-02T19:21:53Z" level=debug msg="Creating middleware" entryPointName=websecure middlewareName=metrics-entrypoint middlewareType=Metrics
time="2022-01-02T19:21:53Z" level=debug msg="Adding route for iona.thaumagen.io with TLS options default" entryPointName=web
time="2022-01-02T19:21:53Z" level=debug msg="Adding route for iona.thaumagen.io with TLS options default" entryPointName=websecure
time="2022-01-02T19:21:53Z" level=debug msg="Adding route for grafana.iona.thaumagen.io with TLS options default" entryPointName=websecure
time="2022-01-02T19:21:53Z" level=debug msg="Looking for provided certificate(s) to validate [\"thaumagen.io\" \"*.thaumagen.io\"]..." providerName=letsencrypt.acme
time="2022-01-02T19:21:53Z" level=debug msg="No ACME certificate generation required for domains [\"thaumagen.io\" \"*.thaumagen.io\"]." providerName=letsencrypt.acme
time="2022-01-02T19:21:53Z" level=debug msg="Looking for provided certificate(s) to validate [\"thaumagen.io\" \"*.thaumagen.io\"]..." providerName=letsencrypt.acme
time="2022-01-02T19:21:53Z" level=debug msg="No ACME certificate generation required for domains [\"thaumagen.io\" \"*.thaumagen.io\"]." providerName=letsencrypt.acme
time="2022-01-02T19:21:53Z" level=debug msg="Looking for provided certificate(s) to validate [\"thaumagen.io\" \"*.thaumagen.io\"]..." providerName=letsencrypt.acme
time="2022-01-02T19:21:53Z" level=debug msg="No ACME certificate generation required for domains [\"thaumagen.io\" \"*.thaumagen.io\"]." providerName=letsencrypt.acme
time="2022-01-02T19:21:53Z" level=debug msg="Looking for provided certificate(s) to validate [\"thaumagen.io\" \"*.thaumagen.io\"]..." providerName=letsencrypt.acme
time="2022-01-02T19:21:53Z" level=debug msg="No ACME certificate generation required for domains [\"thaumagen.io\" \"*.thaumagen.io\"]." providerName=letsencrypt.acme
time="2022-01-02T19:21:53Z" level=debug msg="Looking for provided certificate(s) to validate [\"thaumagen.io\" \"*.thaumagen.io\"]..." providerName=letsencrypt.acme
time="2022-01-02T19:21:53Z" level=debug msg="No ACME certificate generation required for domains [\"thaumagen.io\" \"*.thaumagen.io\"]." providerName=letsencrypt.acme
time="2022-01-02T19:21:53Z" level=debug msg="Looking for provided certificate(s) to validate [\"thaumagen.io\" \"*.thaumagen.io\"]..." providerName=letsencrypt.acme
time="2022-01-02T19:21:53Z" level=debug msg="No ACME certificate generation required for domains [\"thaumagen.io\" \"*.thaumagen.io\"]." providerName=letsencrypt.acme
time="2022-01-02T19:21:55Z" level=error msg="KV connection error: KV store connection error: dial tcp 10.127.77.139:6379: i/o timeout, retrying in 275.1374ms" providerName=redis
time="2022-01-02T19:21:55Z" level=debug msg="Exists: traefik/qmslkjdfmqlskdjfmqlksjazçueznbvbwzlkajzebvkwjdcqmlsfj"
time="2022-01-02T19:22:00Z" level=error msg="KV connection error: KV store connection error: dial tcp 10.127.77.139:6379: i/o timeout, retrying in 600.886337ms" providerName=redis
time="2022-01-02T19:22:00Z" level=debug msg="Exists: traefik/qmslkjdfmqlskdjfmqlksjazçueznbvbwzlkajzebvkwjdcqmlsfj"
10.2.2.1 - - [02/Jan/2022:19:22:01 +0000] "GET /ping HTTP/1.1" 200 2 "-" "kube-probe/1.21" 1 "ping@internal" "-" 0ms
10.2.2.1 - - [02/Jan/2022:19:22:01 +0000] "GET /ping HTTP/1.1" 200 2 "-" "kube-probe/1.21" 2 "ping@internal" "-" 0ms
time="2022-01-02T19:22:01Z" level=debug msg="Skipping Kubernetes event kind *v1.Endpoints" providerName=kubernetes
time="2022-01-02T19:22:01Z" level=debug msg="Skipping Kubernetes event kind *v1.Endpoints" providerName=kubernetescrd
time="2022-01-02T19:22:01Z" level=warning msg="HTTP router already configured, skipping" providerName=file filename=traefik-default-routes.yaml routerName=iona-thaumagen
time="2022-01-02T19:22:01Z" level=warning msg="HTTP router already configured, skipping" providerName=file filename=traefik-default-routes.yaml routerName=iona-authn
time="2022-01-02T19:22:01Z" level=warning msg="HTTP router already configured, skipping" providerName=file filename=traefik-default-routes.yaml routerName=iona-grafana
time="2022-01-02T19:22:01Z" level=warning msg="HTTP router already configured, skipping" providerName=file filename=traefik-default-routes.yaml routerName=iona-public
time="2022-01-02T19:22:01Z" level=warning msg="HTTP router already configured, skipping" providerName=file filename=traefik-default-routes.yaml routerName=iona-static
time="2022-01-02T19:22:01Z" level=warning msg="HTTP middleware already configured, skipping" filename=traefik-default-routes.yaml middlewareName=add-iona-prefix providerName=file
time="2022-01-02T19:22:01Z" level=warning msg="HTTP service already configured, skipping" serviceName=grafana providerName=file filename=traefik-default-routes.yaml
time="2022-01-02T19:22:01Z" level=warning msg="HTTP service already configured, skipping" filename=traefik-default-routes.yaml providerName=file serviceName=nginx
time="2022-01-02T19:22:01Z" level=warning msg="HTTP service already configured, skipping" providerName=file filename=traefik-default-routes.yaml serviceName=thaumagen-github-io
time="2022-01-02T19:22:01Z" level=debug msg="Configuration received from provider file: {\"http\":{\"routers\":{\"iona-authn\":{\"entryPoints\":[\"websecure\"],\"middlewares\":[\"add-iona-prefix\"],\"service\":\"thaumagen-github-io\",\"rule\":\"Host(`iona.thaumagen.io`) \\u0026\\u0026 PathPrefix(`/authn`)\",\"tls\":{\"certResolver\":\"letsencrypt\",\"domains\":[{\"main\":\"thaumagen.io\",\"sans\":[\"*.thaumagen.io\"]}]}},\"iona-grafana\":{\"entryPoints\":[\"websecure\"],\"service\":\"grafana\",\"rule\":\"Host(`grafana.iona.thaumagen.io`)\",\"tls\":{\"certResolver\":\"letsencrypt\",\"domains\":[{\"main\":\"thaumagen.io\",\"sans\":[\"*.thaumagen.io\"]}]}},\"iona-public\":{\"entryPoints\":[\"websecure\"],\"middlewares\":[\"add-iona-prefix\"],\"service\":\"thaumagen-github-io\",\"rule\":\"Host(`iona.thaumagen.io`) \\u0026\\u0026 PathPrefix(`/public`)\",\"tls\":{\"certResolver\":\"letsencrypt\",\"domains\":[{\"main\":\"thaumagen.io\",\"sans\":[\"*.thaumagen.io\"]}]}},\"iona-static\":{\"entryPoints\":[\"web\",\"websecure\"],\"service\":\"nginx\",\"rule\":\"Host(`iona.thaumagen.io`) \\u0026\\u0026 PathPrefix(`/static`)\",\"tls\":{\"certResolver\":\"letsencrypt\",\"domains\":[{\"main\":\"thaumagen.io\",\"sans\":[\"*.thaumagen.io\"]}]}},\"iona-thaumagen\":{\"entryPoints\":[\"websecure\"],\"middlewares\":[\"add-iona-prefix\"],\"service\":\"thaumagen-github-io\",\"rule\":\"Host(`iona.thaumagen.io`) \\u0026\\u0026 PathPrefix(`/thaumagen`)\",\"tls\":{\"certResolver\":\"letsencrypt\",\"domains\":[{\"main\":\"thaumagen.io\",\"sans\":[\"*.thaumagen.io\"]}]}}},\"services\":{\"grafana\":{\"loadBalancer\":{\"servers\":[{\"url\":\"http://grafana.monitoring:80/\"}],\"passHostHeader\":true}},\"nginx\":{\"loadBalancer\":{\"servers\":[{\"url\":\"http://nginx.iona:80/\"}],\"passHostHeader\":true}},\"thaumagen-github-io\":{\"loadBalancer\":{\"servers\":[{\"url\":\"https://thaumagen.github.io/\"}],\"passHostHeader\":false}}},\"middlewares\":{\"add-iona-prefix\":{\"addPrefix\":{\"prefix\":\"/iona\"}}}},\"tcp\":{},\"udp\":{},\"tls\":{}}" providerName=file
time="2022-01-02T19:22:01Z" level=info msg="Skipping same configuration" providerName=file
time="2022-01-02T19:22:01Z" level=warning msg="HTTP router already configured, skipping" routerName=iona-grafana filename=traefik-default-routes.yaml providerName=file
time="2022-01-02T19:22:01Z" level=warning msg="HTTP router already configured, skipping" providerName=file routerName=iona-public filename=traefik-default-routes.yaml
time="2022-01-02T19:22:01Z" level=warning msg="HTTP router already configured, skipping" providerName=file filename=traefik-default-routes.yaml routerName=iona-static
time="2022-01-02T19:22:01Z" level=warning msg="HTTP router already configured, skipping" providerName=file routerName=iona-thaumagen filename=traefik-default-routes.yaml
time="2022-01-02T19:22:01Z" level=warning msg="HTTP router already configured, skipping" routerName=iona-authn providerName=file filename=traefik-default-routes.yaml
time="2022-01-02T19:22:01Z" level=warning msg="HTTP middleware already configured, skipping" middlewareName=add-iona-prefix providerName=file filename=traefik-default-routes.yaml
time="2022-01-02T19:22:01Z" level=warning msg="HTTP service already configured, skipping" providerName=file filename=traefik-default-routes.yaml serviceName=grafana
time="2022-01-02T19:22:01Z" level=warning msg="HTTP service already configured, skipping" providerName=file filename=traefik-default-routes.yaml serviceName=nginx
time="2022-01-02T19:22:01Z" level=warning msg="HTTP service already configured, skipping" filename=traefik-default-routes.yaml serviceName=thaumagen-github-io providerName=file
time="2022-01-02T19:22:01Z" level=debug msg="Configuration received from provider file: {\"http\":{\"routers\":{\"iona-authn\":{\"entryPoints\":[\"websecure\"],\"middlewares\":[\"add-iona-prefix\"],\"service\":\"thaumagen-github-io\",\"rule\":\"Host(`iona.thaumagen.io`) \\u0026\\u0026 PathPrefix(`/authn`)\",\"tls\":{\"certResolver\":\"letsencrypt\",\"domains\":[{\"main\":\"thaumagen.io\",\"sans\":[\"*.thaumagen.io\"]}]}},\"iona-grafana\":{\"entryPoints\":[\"websecure\"],\"service\":\"grafana\",\"rule\":\"Host(`grafana.iona.thaumagen.io`)\",\"tls\":{\"certResolver\":\"letsencrypt\",\"domains\":[{\"main\":\"thaumagen.io\",\"sans\":[\"*.thaumagen.io\"]}]}},\"iona-public\":{\"entryPoints\":[\"websecure\"],\"middlewares\":[\"add-iona-prefix\"],\"service\":\"thaumagen-github-io\",\"rule\":\"Host(`iona.thaumagen.io`) \\u0026\\u0026 PathPrefix(`/public`)\",\"tls\":{\"certResolver\":\"letsencrypt\",\"domains\":[{\"main\":\"thaumagen.io\",\"sans\":[\"*.thaumagen.io\"]}]}},\"iona-static\":{\"entryPoints\":[\"web\",\"websecure\"],\"service\":\"nginx\",\"rule\":\"Host(`iona.thaumagen.io`) \\u0026\\u0026 PathPrefix(`/static`)\",\"tls\":{\"certResolver\":\"letsencrypt\",\"domains\":[{\"main\":\"thaumagen.io\",\"sans\":[\"*.thaumagen.io\"]}]}},\"iona-thaumagen\":{\"entryPoints\":[\"websecure\"],\"middlewares\":[\"add-iona-prefix\"],\"service\":\"thaumagen-github-io\",\"rule\":\"Host(`iona.thaumagen.io`) \\u0026\\u0026 PathPrefix(`/thaumagen`)\",\"tls\":{\"certResolver\":\"letsencrypt\",\"domains\":[{\"main\":\"thaumagen.io\",\"sans\":[\"*.thaumagen.io\"]}]}}},\"services\":{\"grafana\":{\"loadBalancer\":{\"servers\":[{\"url\":\"http://grafana.monitoring:80/\"}],\"passHostHeader\":true}},\"nginx\":{\"loadBalancer\":{\"servers\":[{\"url\":\"http://nginx.iona:80/\"}],\"passHostHeader\":true}},\"thaumagen-github-io\":{\"loadBalancer\":{\"servers\":[{\"url\":\"https://thaumagen.github.io/\"}],\"passHostHeader\":false}}},\"middlewares\":{\"add-iona-prefix\":{\"addPrefix\":{\"prefix\":\"/iona\"}}}},\"tcp\":{},\"udp\":{},\"tls\":{}}" providerName=file
time="2022-01-02T19:22:01Z" level=info msg="Skipping same configuration" providerName=file
time="2022-01-02T19:22:01Z" level=warning msg="HTTP router already configured, skipping" filename=traefik-default-routes.yaml providerName=file routerName=iona-thaumagen
time="2022-01-02T19:22:01Z" level=warning msg="HTTP router already configured, skipping" filename=traefik-default-routes.yaml providerName=file routerName=iona-authn
time="2022-01-02T19:22:01Z" level=warning msg="HTTP router already configured, skipping" providerName=file routerName=iona-grafana filename=traefik-default-routes.yaml
time="2022-01-02T19:22:01Z" level=warning msg="HTTP router already configured, skipping" providerName=file filename=traefik-default-routes.yaml routerName=iona-public
time="2022-01-02T19:22:01Z" level=warning msg="HTTP router already configured, skipping" routerName=iona-static providerName=file filename=traefik-default-routes.yaml
time="2022-01-02T19:22:01Z" level=warning msg="HTTP middleware already configured, skipping" providerName=file filename=traefik-default-routes.yaml middlewareName=add-iona-prefix
time="2022-01-02T19:22:01Z" level=warning msg="HTTP service already configured, skipping" filename=traefik-default-routes.yaml serviceName=grafana providerName=file
time="2022-01-02T19:22:01Z" level=warning msg="HTTP service already configured, skipping" serviceName=nginx providerName=file filename=traefik-default-routes.yaml
time="2022-01-02T19:22:01Z" level=warning msg="HTTP service already configured, skipping" providerName=file filename=traefik-default-routes.yaml serviceName=thaumagen-github-io
time="2022-01-02T19:22:01Z" level=debug msg="Configuration received from provider file: {\"http\":{\"routers\":{\"iona-authn\":{\"entryPoints\":[\"websecure\"],\"middlewares\":[\"add-iona-prefix\"],\"service\":\"thaumagen-github-io\",\"rule\":\"Host(`iona.thaumagen.io`) \\u0026\\u0026 PathPrefix(`/authn`)\",\"tls\":{\"certResolver\":\"letsencrypt\",\"domains\":[{\"main\":\"thaumagen.io\",\"sans\":[\"*.thaumagen.io\"]}]}},\"iona-grafana\":{\"entryPoints\":[\"websecure\"],\"service\":\"grafana\",\"rule\":\"Host(`grafana.iona.thaumagen.io`)\",\"tls\":{\"certResolver\":\"letsencrypt\",\"domains\":[{\"main\":\"thaumagen.io\",\"sans\":[\"*.thaumagen.io\"]}]}},\"iona-public\":{\"entryPoints\":[\"websecure\"],\"middlewares\":[\"add-iona-prefix\"],\"service\":\"thaumagen-github-io\",\"rule\":\"Host(`iona.thaumagen.io`) \\u0026\\u0026 PathPrefix(`/public`)\",\"tls\":{\"certResolver\":\"letsencrypt\",\"domains\":[{\"main\":\"thaumagen.io\",\"sans\":[\"*.thaumagen.io\"]}]}},\"iona-static\":{\"entryPoints\":[\"web\",\"websecure\"],\"service\":\"nginx\",\"rule\":\"Host(`iona.thaumagen.io`) \\u0026\\u0026 PathPrefix(`/static`)\",\"tls\":{\"certResolver\":\"letsencrypt\",\"domains\":[{\"main\":\"thaumagen.io\",\"sans\":[\"*.thaumagen.io\"]}]}},\"iona-thaumagen\":{\"entryPoints\":[\"websecure\"],\"middlewares\":[\"add-iona-prefix\"],\"service\":\"thaumagen-github-io\",\"rule\":\"Host(`iona.thaumagen.io`) \\u0026\\u0026 PathPrefix(`/thaumagen`)\",\"tls\":{\"certResolver\":\"letsencrypt\",\"domains\":[{\"main\":\"thaumagen.io\",\"sans\":[\"*.thaumagen.io\"]}]}}},\"services\":{\"grafana\":{\"loadBalancer\":{\"servers\":[{\"url\":\"http://grafana.monitoring:80/\"}],\"passHostHeader\":true}},\"nginx\":{\"loadBalancer\":{\"servers\":[{\"url\":\"http://nginx.iona:80/\"}],\"passHostHeader\":true}},\"thaumagen-github-io\":{\"loadBalancer\":{\"servers\":[{\"url\":\"https://thaumagen.github.io/\"}],\"passHostHeader\":false}}},\"middlewares\":{\"add-iona-prefix\":{\"addPrefix\":{\"prefix\":\"/iona\"}}}},\"tcp\":{},\"udp\":{},\"tls\":{}}" providerName=file
time="2022-01-02T19:22:01Z" level=info msg="Skipping same configuration" providerName=file
time="2022-01-02T19:22:01Z" level=warning msg="HTTP router already configured, skipping" providerName=file filename=traefik-default-routes.yaml routerName=iona-authn
time="2022-01-02T19:22:01Z" level=warning msg="HTTP router already configured, skipping" filename=traefik-default-routes.yaml routerName=iona-grafana providerName=file
time="2022-01-02T19:22:01Z" level=warning msg="HTTP router already configured, skipping" routerName=iona-public providerName=file filename=traefik-default-routes.yaml
time="2022-01-02T19:22:01Z" level=warning msg="HTTP router already configured, skipping" providerName=file filename=traefik-default-routes.yaml routerName=iona-static
time="2022-01-02T19:22:01Z" level=warning msg="HTTP router already configured, skipping" providerName=file filename=traefik-default-routes.yaml routerName=iona-thaumagen
time="2022-01-02T19:22:01Z" level=warning msg="HTTP middleware already configured, skipping" providerName=file filename=traefik-default-routes.yaml middlewareName=add-iona-prefix
time="2022-01-02T19:22:01Z" level=warning msg="HTTP service already configured, skipping" filename=traefik-default-routes.yaml serviceName=grafana providerName=file
time="2022-01-02T19:22:01Z" level=warning msg="HTTP service already configured, skipping" providerName=file filename=traefik-default-routes.yaml serviceName=nginx
time="2022-01-02T19:22:01Z" level=warning msg="HTTP service already configured, skipping" providerName=file filename=traefik-default-routes.yaml serviceName=thaumagen-github-io
time="2022-01-02T19:22:01Z" level=debug msg="Configuration received from provider file: {\"http\":{\"routers\":{\"iona-authn\":{\"entryPoints\":[\"websecure\"],\"middlewares\":[\"add-iona-prefix\"],\"service\":\"thaumagen-github-io\",\"rule\":\"Host(`iona.thaumagen.io`) \\u0026\\u0026 PathPrefix(`/authn`)\",\"tls\":{\"certResolver\":\"letsencrypt\",\"domains\":[{\"main\":\"thaumagen.io\",\"sans\":[\"*.thaumagen.io\"]}]}},\"iona-grafana\":{\"entryPoints\":[\"websecure\"],\"service\":\"grafana\",\"rule\":\"Host(`grafana.iona.thaumagen.io`)\",\"tls\":{\"certResolver\":\"letsencrypt\",\"domains\":[{\"main\":\"thaumagen.io\",\"sans\":[\"*.thaumagen.io\"]}]}},\"iona-public\":{\"entryPoints\":[\"websecure\"],\"middlewares\":[\"add-iona-prefix\"],\"service\":\"thaumagen-github-io\",\"rule\":\"Host(`iona.thaumagen.io`) \\u0026\\u0026 PathPrefix(`/public`)\",\"tls\":{\"certResolver\":\"letsencrypt\",\"domains\":[{\"main\":\"thaumagen.io\",\"sans\":[\"*.thaumagen.io\"]}]}},\"iona-static\":{\"entryPoints\":[\"web\",\"websecure\"],\"service\":\"nginx\",\"rule\":\"Host(`iona.thaumagen.io`) \\u0026\\u0026 PathPrefix(`/static`)\",\"tls\":{\"certResolver\":\"letsencrypt\",\"domains\":[{\"main\":\"thaumagen.io\",\"sans\":[\"*.thaumagen.io\"]}]}},\"iona-thaumagen\":{\"entryPoints\":[\"websecure\"],\"middlewares\":[\"add-iona-prefix\"],\"service\":\"thaumagen-github-io\",\"rule\":\"Host(`iona.thaumagen.io`) \\u0026\\u0026 PathPrefix(`/thaumagen`)\",\"tls\":{\"certResolver\":\"letsencrypt\",\"domains\":[{\"main\":\"thaumagen.io\",\"sans\":[\"*.thaumagen.io\"]}]}}},\"services\":{\"grafana\":{\"loadBalancer\":{\"servers\":[{\"url\":\"http://grafana.monitoring:80/\"}],\"passHostHeader\":true}},\"nginx\":{\"loadBalancer\":{\"servers\":[{\"url\":\"http://nginx.iona:80/\"}],\"passHostHeader\":true}},\"thaumagen-github-io\":{\"loadBalancer\":{\"servers\":[{\"url\":\"https://thaumagen.github.io/\"}],\"passHostHeader\":false}}},\"middlewares\":{\"add-iona-prefix\":{\"addPrefix\":{\"prefix\":\"/iona\"}}}},\"tcp\":{},\"udp\":{},\"tls\":{}}" providerName=file
time="2022-01-02T19:22:01Z" level=info msg="Skipping same configuration" providerName=file
time="2022-01-02T19:22:05Z" level=error msg="KV connection error: KV store connection error: dial tcp 10.127.77.139:6379: i/o timeout, retrying in 1.083882812s" providerName=redis
time="2022-01-02T19:22:07Z" level=debug msg="Exists: traefik/qmslkjdfmqlskdjfmqlksjazçueznbvbwzlkajzebvkwjdcqmlsfj"
10.2.2.1 - - [02/Jan/2022:19:22:11 +0000] "GET /ping HTTP/1.1" 200 2 "-" "kube-probe/1.21" 3 "ping@internal" "-" 0ms
10.2.2.1 - - [02/Jan/2022:19:22:11 +0000] "GET /ping HTTP/1.1" 200 2 "-" "kube-probe/1.21" 4 "ping@internal" "-" 0ms
time="2022-01-02T19:22:12Z" level=error msg="KV connection error: KV store connection error: dial tcp 10.127.77.139:6379: i/o timeout, retrying in 2.014621721s" providerName=redis
time="2022-01-02T19:22:14Z" level=debug msg="Exists: traefik/qmslkjdfmqlskdjfmqlksjazçueznbvbwzlkajzebvkwjdcqmlsfj"
time="2022-01-02T19:22:19Z" level=error msg="KV connection error: KV store connection error: dial tcp 10.127.77.139:6379: i/o timeout, retrying in 1.498496952s" providerName=redis
time="2022-01-02T19:22:19Z" level=debug msg="Serving default certificate for request: \"\""
time="2022-01-02T19:22:20Z" level=debug msg="Exists: traefik/qmslkjdfmqlskdjfmqlksjazçueznbvbwzlkajzebvkwjdcqmlsfj"
10.0.0.26 - - [02/Jan/2022:19:22:20 +0000] "GET /owa/auth/logon.aspx HTTP/1.1" 404 19 "-" "Mozilla/5.0 zgrab/0.x" 5 "-" "-" 0ms
10.2.2.1 - - [02/Jan/2022:19:22:21 +0000] "GET /ping HTTP/1.1" 200 2 "-" "kube-probe/1.21" 6 "ping@internal" "-" 0ms
10.2.2.1 - - [02/Jan/2022:19:22:21 +0000] "GET /ping HTTP/1.1" 200 2 "-" "kube-probe/1.21" 7 "ping@internal" "-" 0ms
time="2022-01-02T19:22:25Z" level=error msg="KV connection error: KV store connection error: dial tcp 10.127.77.139:6379: i/o timeout, retrying in 266.23012ms" providerName=redis
time="2022-01-02T19:22:25Z" level=debug msg="Exists: traefik/qmslkjdfmqlskdjfmqlksjazçueznbvbwzlkajzebvkwjdcqmlsfj"
time="2022-01-02T19:22:30Z" level=error msg="KV connection error: KV store connection error: dial tcp 10.127.77.139:6379: i/o timeout, retrying in 748.445681ms" providerName=redis
10.2.2.1 - - [02/Jan/2022:19:22:31 +0000] "GET /ping HTTP/1.1" 200 2 "-" "kube-probe/1.21" 8 "ping@internal" "-" 0ms
10.2.2.1 - - [02/Jan/2022:19:22:31 +0000] "GET /ping HTTP/1.1" 200 2 "-" "kube-probe/1.21" 9 "ping@internal" "-" 0ms
time="2022-01-02T19:22:31Z" level=debug msg="Exists: traefik/qmslkjdfmqlskdjfmqlksjazçueznbvbwzlkajzebvkwjdcqmlsfj"
time="2022-01-02T19:22:36Z" level=error msg="KV connection error: KV store connection error: dial tcp 10.127.77.139:6379: i/o timeout, retrying in 993.313204ms" providerName=redis
time="2022-01-02T19:22:37Z" level=debug msg="Exists: traefik/qmslkjdfmqlskdjfmqlksjazçueznbvbwzlkajzebvkwjdcqmlsfj"
10.2.2.1 - - [02/Jan/2022:19:22:41 +0000] "GET /ping HTTP/1.1" 200 2 "-" "kube-probe/1.21" 10 "ping@internal" "-" 0ms
10.2.2.1 - - [02/Jan/2022:19:22:41 +0000] "GET /ping HTTP/1.1" 200 2 "-" "kube-probe/1.21" 11 "ping@internal" "-" 0ms
time="2022-01-02T19:22:42Z" level=error msg="KV connection error: KV store connection error: dial tcp 10.127.77.139:6379: i/o timeout, retrying in 1.189602663s" providerName=redis
time="2022-01-02T19:22:43Z" level=debug msg="Exists: traefik/qmslkjdfmqlskdjfmqlksjazçueznbvbwzlkajzebvkwjdcqmlsfj"
